2014-08-08 13:14:44 Notice: Notice (8): Undefined variable: home_link in [/Users/carrykuang/Documents/pdp_site/cake/app/View/Layouts/default.ctp, line 59]
Trace:
include - APP/View/Layouts/default.ctp, line 59
View::_evaluate() - CORE/Cake/View/View.php, line 948
View::_render() - CORE/Cake/View/View.php, line 910
View::renderLayout() - CORE/Cake/View/View.php, line 542
View::render() - CORE/Cake/View/View.php, line 479
Controller::render() - CORE/Cake/Controller/Controller.php, line 954
ExceptionRenderer::_outputMessage() - CORE/Cake/Error/ExceptionRenderer.php, line 278
ExceptionRenderer::error400() - CORE/Cake/Error/ExceptionRenderer.php, line 222
ExceptionRenderer::render() - CORE/Cake/Error/ExceptionRenderer.php, line 176
ErrorHandler::handleException() - CORE/Cake/Error/ErrorHandler.php, line 119
[main] - [internal], line ??

2014-08-08 13:14:44 Notice: Notice (8): Undefined variable: about_link in [/Users/carrykuang/Documents/pdp_site/cake/app/View/Layouts/default.ctp, line 61]
Trace:
include - APP/View/Layouts/default.ctp, line 61
View::_evaluate() - CORE/Cake/View/View.php, line 948
View::_render() - CORE/Cake/View/View.php, line 910
View::renderLayout() - CORE/Cake/View/View.php, line 542
View::render() - CORE/Cake/View/View.php, line 479
Controller::render() - CORE/Cake/Controller/Controller.php, line 954
ExceptionRenderer::_outputMessage() - CORE/Cake/Error/ExceptionRenderer.php, line 278
ExceptionRenderer::error400() - CORE/Cake/Error/ExceptionRenderer.php, line 222
ExceptionRenderer::render() - CORE/Cake/Error/ExceptionRenderer.php, line 176
ErrorHandler::handleException() - CORE/Cake/Error/ErrorHandler.php, line 119
[main] - [internal], line ??

2014-08-08 13:14:44 Notice: Notice (8): Undefined variable: rush_link in [/Users/carrykuang/Documents/pdp_site/cake/app/View/Layouts/default.ctp, line 63]
Trace:
include - APP/View/Layouts/default.ctp, line 63
View::_evaluate() - CORE/Cake/View/View.php, line 948
View::_render() - CORE/Cake/View/View.php, line 910
View::renderLayout() - CORE/Cake/View/View.php, line 542
View::render() - CORE/Cake/View/View.php, line 479
Controller::render() - CORE/Cake/Controller/Controller.php, line 954
ExceptionRenderer::_outputMessage() - CORE/Cake/Error/ExceptionRenderer.php, line 278
ExceptionRenderer::error400() - CORE/Cake/Error/ExceptionRenderer.php, line 222
ExceptionRenderer::render() - CORE/Cake/Error/ExceptionRenderer.php, line 176
ErrorHandler::handleException() - CORE/Cake/Error/ErrorHandler.php, line 119
[main] - [internal], line ??

2014-08-08 13:14:44 Notice: Notice (8): Undefined variable: brothers_link in [/Users/carrykuang/Documents/pdp_site/cake/app/View/Layouts/default.ctp, line 65]
Trace:
include - APP/View/Layouts/default.ctp, line 65
View::_evaluate() - CORE/Cake/View/View.php, line 948
View::_render() - CORE/Cake/View/View.php, line 910
View::renderLayout() - CORE/Cake/View/View.php, line 542
View::render() - CORE/Cake/View/View.php, line 479
Controller::render() - CORE/Cake/Controller/Controller.php, line 954
ExceptionRenderer::_outputMessage() - CORE/Cake/Error/ExceptionRenderer.php, line 278
ExceptionRenderer::error400() - CORE/Cake/Error/ExceptionRenderer.php, line 222
ExceptionRenderer::render() - CORE/Cake/Error/ExceptionRenderer.php, line 176
ErrorHandler::handleException() - CORE/Cake/Error/ErrorHandler.php, line 119
[main] - [internal], line ??

2014-08-08 13:14:44 Notice: Notice (8): Undefined variable: gallery_link in [/Users/carrykuang/Documents/pdp_site/cake/app/View/Layouts/default.ctp, line 67]
Trace:
include - APP/View/Layouts/default.ctp, line 67
View::_evaluate() - CORE/Cake/View/View.php, line 948
View::_render() - CORE/Cake/View/View.php, line 910
View::renderLayout() - CORE/Cake/View/View.php, line 542
View::render() - CORE/Cake/View/View.php, line 479
Controller::render() - CORE/Cake/Controller/Controller.php, line 954
ExceptionRenderer::_outputMessage() - CORE/Cake/Error/ExceptionRenderer.php, line 278
ExceptionRenderer::error400() - CORE/Cake/Error/ExceptionRenderer.php, line 222
ExceptionRenderer::render() - CORE/Cake/Error/ExceptionRenderer.php, line 176
ErrorHandler::handleException() - CORE/Cake/Error/ErrorHandler.php, line 119
[main] - [internal], line ??

2014-08-08 13:14:44 Notice: Notice (8): Undefined variable: calendar_link in [/Users/carrykuang/Documents/pdp_site/cake/app/View/Layouts/default.ctp, line 69]
Trace:
include - APP/View/Layouts/default.ctp, line 69
View::_evaluate() - CORE/Cake/View/View.php, line 948
View::_render() - CORE/Cake/View/View.php, line 910
View::renderLayout() - CORE/Cake/View/View.php, line 542
View::render() - CORE/Cake/View/View.php, line 479
Controller::render() - CORE/Cake/Controller/Controller.php, line 954
ExceptionRenderer::_outputMessage() - CORE/Cake/Error/ExceptionRenderer.php, line 278
ExceptionRenderer::error400() - CORE/Cake/Error/ExceptionRenderer.php, line 222
ExceptionRenderer::render() - CORE/Cake/Error/ExceptionRenderer.php, line 176
ErrorHandler::handleException() - CORE/Cake/Error/ErrorHandler.php, line 119
[main] - [internal], line ??

2014-08-08 13:14:44 Notice: Notice (8): Undefined variable: contact_link in [/Users/carrykuang/Documents/pdp_site/cake/app/View/Layouts/default.ctp, line 71]
Trace:
include - APP/View/Layouts/default.ctp, line 71
View::_evaluate() - CORE/Cake/View/View.php, line 948
View::_render() - CORE/Cake/View/View.php, line 910
View::renderLayout() - CORE/Cake/View/View.php, line 542
View::render() - CORE/Cake/View/View.php, line 479
Controller::render() - CORE/Cake/Controller/Controller.php, line 954
ExceptionRenderer::_outputMessage() - CORE/Cake/Error/ExceptionRenderer.php, line 278
ExceptionRenderer::error400() - CORE/Cake/Error/ExceptionRenderer.php, line 222
ExceptionRenderer::render() - CORE/Cake/Error/ExceptionRenderer.php, line 176
ErrorHandler::handleException() - CORE/Cake/Error/ErrorHandler.php, line 119
[main] - [internal], line ??

2014-08-08 13:14:52 Notice: Notice (8): Undefined variable: home_link in [/Users/carrykuang/Documents/pdp_site/cake/app/View/Layouts/default.ctp, line 59]
Trace:
include - APP/View/Layouts/default.ctp, line 59
View::_evaluate() - CORE/Cake/View/View.php, line 948
View::_render() - CORE/Cake/View/View.php, line 910
View::renderLayout() - CORE/Cake/View/View.php, line 542
View::render() - CORE/Cake/View/View.php, line 479
Controller::render() - CORE/Cake/Controller/Controller.php, line 954
ExceptionRenderer::_outputMessage() - CORE/Cake/Error/ExceptionRenderer.php, line 278
ExceptionRenderer::error400() - CORE/Cake/Error/ExceptionRenderer.php, line 222
ExceptionRenderer::render() - CORE/Cake/Error/ExceptionRenderer.php, line 176
ErrorHandler::handleException() - CORE/Cake/Error/ErrorHandler.php, line 119
[main] - [internal], line ??

2014-08-08 13:14:52 Notice: Notice (8): Undefined variable: about_link in [/Users/carrykuang/Documents/pdp_site/cake/app/View/Layouts/default.ctp, line 61]
Trace:
include - APP/View/Layouts/default.ctp, line 61
View::_evaluate() - CORE/Cake/View/View.php, line 948
View::_render() - CORE/Cake/View/View.php, line 910
View::renderLayout() - CORE/Cake/View/View.php, line 542
View::render() - CORE/Cake/View/View.php, line 479
Controller::render() - CORE/Cake/Controller/Controller.php, line 954
ExceptionRenderer::_outputMessage() - CORE/Cake/Error/ExceptionRenderer.php, line 278
ExceptionRenderer::error400() - CORE/Cake/Error/ExceptionRenderer.php, line 222
ExceptionRenderer::render() - CORE/Cake/Error/ExceptionRenderer.php, line 176
ErrorHandler::handleException() - CORE/Cake/Error/ErrorHandler.php, line 119
[main] - [internal], line ??

2014-08-08 13:14:52 Notice: Notice (8): Undefined variable: rush_link in [/Users/carrykuang/Documents/pdp_site/cake/app/View/Layouts/default.ctp, line 63]
Trace:
include - APP/View/Layouts/default.ctp, line 63
View::_evaluate() - CORE/Cake/View/View.php, line 948
View::_render() - CORE/Cake/View/View.php, line 910
View::renderLayout() - CORE/Cake/View/View.php, line 542
View::render() - CORE/Cake/View/View.php, line 479
Controller::render() - CORE/Cake/Controller/Controller.php, line 954
ExceptionRenderer::_outputMessage() - CORE/Cake/Error/ExceptionRenderer.php, line 278
ExceptionRenderer::error400() - CORE/Cake/Error/ExceptionRenderer.php, line 222
ExceptionRenderer::render() - CORE/Cake/Error/ExceptionRenderer.php, line 176
ErrorHandler::handleException() - CORE/Cake/Error/ErrorHandler.php, line 119
[main] - [internal], line ??

2014-08-08 13:14:52 Notice: Notice (8): Undefined variable: brothers_link in [/Users/carrykuang/Documents/pdp_site/cake/app/View/Layouts/default.ctp, line 65]
Trace:
include - APP/View/Layouts/default.ctp, line 65
View::_evaluate() - CORE/Cake/View/View.php, line 948
View::_render() - CORE/Cake/View/View.php, line 910
View::renderLayout() - CORE/Cake/View/View.php, line 542
View::render() - CORE/Cake/View/View.php, line 479
Controller::render() - CORE/Cake/Controller/Controller.php, line 954
ExceptionRenderer::_outputMessage() - CORE/Cake/Error/ExceptionRenderer.php, line 278
ExceptionRenderer::error400() - CORE/Cake/Error/ExceptionRenderer.php, line 222
ExceptionRenderer::render() - CORE/Cake/Error/ExceptionRenderer.php, line 176
ErrorHandler::handleException() - CORE/Cake/Error/ErrorHandler.php, line 119
[main] - [internal], line ??

2014-08-08 13:14:52 Notice: Notice (8): Undefined variable: gallery_link in [/Users/carrykuang/Documents/pdp_site/cake/app/View/Layouts/default.ctp, line 67]
Trace:
include - APP/View/Layouts/default.ctp, line 67
View::_evaluate() - CORE/Cake/View/View.php, line 948
View::_render() - CORE/Cake/View/View.php, line 910
View::renderLayout() - CORE/Cake/View/View.php, line 542
View::render() - CORE/Cake/View/View.php, line 479
Controller::render() - CORE/Cake/Controller/Controller.php, line 954
ExceptionRenderer::_outputMessage() - CORE/Cake/Error/ExceptionRenderer.php, line 278
ExceptionRenderer::error400() - CORE/Cake/Error/ExceptionRenderer.php, line 222
ExceptionRenderer::render() - CORE/Cake/Error/ExceptionRenderer.php, line 176
ErrorHandler::handleException() - CORE/Cake/Error/ErrorHandler.php, line 119
[main] - [internal], line ??

2014-08-08 13:14:52 Notice: Notice (8): Undefined variable: calendar_link in [/Users/carrykuang/Documents/pdp_site/cake/app/View/Layouts/default.ctp, line 69]
Trace:
include - APP/View/Layouts/default.ctp, line 69
View::_evaluate() - CORE/Cake/View/View.php, line 948
View::_render() - CORE/Cake/View/View.php, line 910
View::renderLayout() - CORE/Cake/View/View.php, line 542
View::render() - CORE/Cake/View/View.php, line 479
Controller::render() - CORE/Cake/Controller/Controller.php, line 954
ExceptionRenderer::_outputMessage() - CORE/Cake/Error/ExceptionRenderer.php, line 278
ExceptionRenderer::error400() - CORE/Cake/Error/ExceptionRenderer.php, line 222
ExceptionRenderer::render() - CORE/Cake/Error/ExceptionRenderer.php, line 176
ErrorHandler::handleException() - CORE/Cake/Error/ErrorHandler.php, line 119
[main] - [internal], line ??

2014-08-08 13:14:52 Notice: Notice (8): Undefined variable: contact_link in [/Users/carrykuang/Documents/pdp_site/cake/app/View/Layouts/default.ctp, line 71]
Trace:
include - APP/View/Layouts/default.ctp, line 71
View::_evaluate() - CORE/Cake/View/View.php, line 948
View::_render() - CORE/Cake/View/View.php, line 910
View::renderLayout() - CORE/Cake/View/View.php, line 542
View::render() - CORE/Cake/View/View.php, line 479
Controller::render() - CORE/Cake/Controller/Controller.php, line 954
ExceptionRenderer::_outputMessage() - CORE/Cake/Error/ExceptionRenderer.php, line 278
ExceptionRenderer::error400() - CORE/Cake/Error/ExceptionRenderer.php, line 222
ExceptionRenderer::render() - CORE/Cake/Error/ExceptionRenderer.php, line 176
ErrorHandler::handleException() - CORE/Cake/Error/ErrorHandler.php, line 119
[main] - [internal], line ??

2014-08-08 13:14:54 Notice: Notice (8): Undefined variable: home_link in [/Users/carrykuang/Documents/pdp_site/cake/app/View/Layouts/default.ctp, line 59]
Trace:
include - APP/View/Layouts/default.ctp, line 59
View::_evaluate() - CORE/Cake/View/View.php, line 948
View::_render() - CORE/Cake/View/View.php, line 910
View::renderLayout() - CORE/Cake/View/View.php, line 542
View::render() - CORE/Cake/View/View.php, line 479
Controller::render() - CORE/Cake/Controller/Controller.php, line 954
ExceptionRenderer::_outputMessage() - CORE/Cake/Error/ExceptionRenderer.php, line 278
ExceptionRenderer::error400() - CORE/Cake/Error/ExceptionRenderer.php, line 222
ExceptionRenderer::render() - CORE/Cake/Error/ExceptionRenderer.php, line 176
ErrorHandler::handleException() - CORE/Cake/Error/ErrorHandler.php, line 119
[main] - [internal], line ??

2014-08-08 13:14:54 Notice: Notice (8): Undefined variable: about_link in [/Users/carrykuang/Documents/pdp_site/cake/app/View/Layouts/default.ctp, line 61]
Trace:
include - APP/View/Layouts/default.ctp, line 61
View::_evaluate() - CORE/Cake/View/View.php, line 948
View::_render() - CORE/Cake/View/View.php, line 910
View::renderLayout() - CORE/Cake/View/View.php, line 542
View::render() - CORE/Cake/View/View.php, line 479
Controller::render() - CORE/Cake/Controller/Controller.php, line 954
ExceptionRenderer::_outputMessage() - CORE/Cake/Error/ExceptionRenderer.php, line 278
ExceptionRenderer::error400() - CORE/Cake/Error/ExceptionRenderer.php, line 222
ExceptionRenderer::render() - CORE/Cake/Error/ExceptionRenderer.php, line 176
ErrorHandler::handleException() - CORE/Cake/Error/ErrorHandler.php, line 119
[main] - [internal], line ??

2014-08-08 13:14:54 Notice: Notice (8): Undefined variable: rush_link in [/Users/carrykuang/Documents/pdp_site/cake/app/View/Layouts/default.ctp, line 63]
Trace:
include - APP/View/Layouts/default.ctp, line 63
View::_evaluate() - CORE/Cake/View/View.php, line 948
View::_render() - CORE/Cake/View/View.php, line 910
View::renderLayout() - CORE/Cake/View/View.php, line 542
View::render() - CORE/Cake/View/View.php, line 479
Controller::render() - CORE/Cake/Controller/Controller.php, line 954
ExceptionRenderer::_outputMessage() - CORE/Cake/Error/ExceptionRenderer.php, line 278
ExceptionRenderer::error400() - CORE/Cake/Error/ExceptionRenderer.php, line 222
ExceptionRenderer::render() - CORE/Cake/Error/ExceptionRenderer.php, line 176
ErrorHandler::handleException() - CORE/Cake/Error/ErrorHandler.php, line 119
[main] - [internal], line ??

2014-08-08 13:14:54 Notice: Notice (8): Undefined variable: brothers_link in [/Users/carrykuang/Documents/pdp_site/cake/app/View/Layouts/default.ctp, line 65]
Trace:
include - APP/View/Layouts/default.ctp, line 65
View::_evaluate() - CORE/Cake/View/View.php, line 948
View::_render() - CORE/Cake/View/View.php, line 910
View::renderLayout() - CORE/Cake/View/View.php, line 542
View::render() - CORE/Cake/View/View.php, line 479
Controller::render() - CORE/Cake/Controller/Controller.php, line 954
ExceptionRenderer::_outputMessage() - CORE/Cake/Error/ExceptionRenderer.php, line 278
ExceptionRenderer::error400() - CORE/Cake/Error/ExceptionRenderer.php, line 222
ExceptionRenderer::render() - CORE/Cake/Error/ExceptionRenderer.php, line 176
ErrorHandler::handleException() - CORE/Cake/Error/ErrorHandler.php, line 119
[main] - [internal], line ??

2014-08-08 13:14:54 Notice: Notice (8): Undefined variable: gallery_link in [/Users/carrykuang/Documents/pdp_site/cake/app/View/Layouts/default.ctp, line 67]
Trace:
include - APP/View/Layouts/default.ctp, line 67
View::_evaluate() - CORE/Cake/View/View.php, line 948
View::_render() - CORE/Cake/View/View.php, line 910
View::renderLayout() - CORE/Cake/View/View.php, line 542
View::render() - CORE/Cake/View/View.php, line 479
Controller::render() - CORE/Cake/Controller/Controller.php, line 954
ExceptionRenderer::_outputMessage() - CORE/Cake/Error/ExceptionRenderer.php, line 278
ExceptionRenderer::error400() - CORE/Cake/Error/ExceptionRenderer.php, line 222
ExceptionRenderer::render() - CORE/Cake/Error/ExceptionRenderer.php, line 176
ErrorHandler::handleException() - CORE/Cake/Error/ErrorHandler.php, line 119
[main] - [internal], line ??

2014-08-08 13:14:54 Notice: Notice (8): Undefined variable: calendar_link in [/Users/carrykuang/Documents/pdp_site/cake/app/View/Layouts/default.ctp, line 69]
Trace:
include - APP/View/Layouts/default.ctp, line 69
View::_evaluate() - CORE/Cake/View/View.php, line 948
View::_render() - CORE/Cake/View/View.php, line 910
View::renderLayout() - CORE/Cake/View/View.php, line 542
View::render() - CORE/Cake/View/View.php, line 479
Controller::render() - CORE/Cake/Controller/Controller.php, line 954
ExceptionRenderer::_outputMessage() - CORE/Cake/Error/ExceptionRenderer.php, line 278
ExceptionRenderer::error400() - CORE/Cake/Error/ExceptionRenderer.php, line 222
ExceptionRenderer::render() - CORE/Cake/Error/ExceptionRenderer.php, line 176
ErrorHandler::handleException() - CORE/Cake/Error/ErrorHandler.php, line 119
[main] - [internal], line ??

2014-08-08 13:14:54 Notice: Notice (8): Undefined variable: contact_link in [/Users/carrykuang/Documents/pdp_site/cake/app/View/Layouts/default.ctp, line 71]
Trace:
include - APP/View/Layouts/default.ctp, line 71
View::_evaluate() - CORE/Cake/View/View.php, line 948
View::_render() - CORE/Cake/View/View.php, line 910
View::renderLayout() - CORE/Cake/View/View.php, line 542
View::render() - CORE/Cake/View/View.php, line 479
Controller::render() - CORE/Cake/Controller/Controller.php, line 954
ExceptionRenderer::_outputMessage() - CORE/Cake/Error/ExceptionRenderer.php, line 278
ExceptionRenderer::error400() - CORE/Cake/Error/ExceptionRenderer.php, line 222
ExceptionRenderer::render() - CORE/Cake/Error/ExceptionRenderer.php, line 176
ErrorHandler::handleException() - CORE/Cake/Error/ErrorHandler.php, line 119
[main] - [internal], line ??

2014-08-08 13:15:02 Notice: Notice (8): Undefined variable: home_link in [/Users/carrykuang/Documents/pdp_site/cake/app/View/Layouts/default.ctp, line 59]
Trace:
include - APP/View/Layouts/default.ctp, line 59
View::_evaluate() - CORE/Cake/View/View.php, line 948
View::_render() - CORE/Cake/View/View.php, line 910
View::renderLayout() - CORE/Cake/View/View.php, line 542
View::render() - CORE/Cake/View/View.php, line 479
Controller::render() - CORE/Cake/Controller/Controller.php, line 954
ExceptionRenderer::_outputMessage() - CORE/Cake/Error/ExceptionRenderer.php, line 278
ExceptionRenderer::error400() - CORE/Cake/Error/ExceptionRenderer.php, line 222
ExceptionRenderer::render() - CORE/Cake/Error/ExceptionRenderer.php, line 176
ErrorHandler::handleException() - CORE/Cake/Error/ErrorHandler.php, line 119
[main] - [internal], line ??

2014-08-08 13:15:02 Notice: Notice (8): Undefined variable: about_link in [/Users/carrykuang/Documents/pdp_site/cake/app/View/Layouts/default.ctp, line 61]
Trace:
include - APP/View/Layouts/default.ctp, line 61
View::_evaluate() - CORE/Cake/View/View.php, line 948
View::_render() - CORE/Cake/View/View.php, line 910
View::renderLayout() - CORE/Cake/View/View.php, line 542
View::render() - CORE/Cake/View/View.php, line 479
Controller::render() - CORE/Cake/Controller/Controller.php, line 954
ExceptionRenderer::_outputMessage() - CORE/Cake/Error/ExceptionRenderer.php, line 278
ExceptionRenderer::error400() - CORE/Cake/Error/ExceptionRenderer.php, line 222
ExceptionRenderer::render() - CORE/Cake/Error/ExceptionRenderer.php, line 176
ErrorHandler::handleException() - CORE/Cake/Error/ErrorHandler.php, line 119
[main] - [internal], line ??

2014-08-08 13:15:02 Notice: Notice (8): Undefined variable: rush_link in [/Users/carrykuang/Documents/pdp_site/cake/app/View/Layouts/default.ctp, line 63]
Trace:
include - APP/View/Layouts/default.ctp, line 63
View::_evaluate() - CORE/Cake/View/View.php, line 948
View::_render() - CORE/Cake/View/View.php, line 910
View::renderLayout() - CORE/Cake/View/View.php, line 542
View::render() - CORE/Cake/View/View.php, line 479
Controller::render() - CORE/Cake/Controller/Controller.php, line 954
ExceptionRenderer::_outputMessage() - CORE/Cake/Error/ExceptionRenderer.php, line 278
ExceptionRenderer::error400() - CORE/Cake/Error/ExceptionRenderer.php, line 222
ExceptionRenderer::render() - CORE/Cake/Error/ExceptionRenderer.php, line 176
ErrorHandler::handleException() - CORE/Cake/Error/ErrorHandler.php, line 119
[main] - [internal], line ??

2014-08-08 13:15:02 Notice: Notice (8): Undefined variable: brothers_link in [/Users/carrykuang/Documents/pdp_site/cake/app/View/Layouts/default.ctp, line 65]
Trace:
include - APP/View/Layouts/default.ctp, line 65
View::_evaluate() - CORE/Cake/View/View.php, line 948
View::_render() - CORE/Cake/View/View.php, line 910
View::renderLayout() - CORE/Cake/View/View.php, line 542
View::render() - CORE/Cake/View/View.php, line 479
Controller::render() - CORE/Cake/Controller/Controller.php, line 954
ExceptionRenderer::_outputMessage() - CORE/Cake/Error/ExceptionRenderer.php, line 278
ExceptionRenderer::error400() - CORE/Cake/Error/ExceptionRenderer.php, line 222
ExceptionRenderer::render() - CORE/Cake/Error/ExceptionRenderer.php, line 176
ErrorHandler::handleException() - CORE/Cake/Error/ErrorHandler.php, line 119
[main] - [internal], line ??

2014-08-08 13:15:02 Notice: Notice (8): Undefined variable: gallery_link in [/Users/carrykuang/Documents/pdp_site/cake/app/View/Layouts/default.ctp, line 67]
Trace:
include - APP/View/Layouts/default.ctp, line 67
View::_evaluate() - CORE/Cake/View/View.php, line 948
View::_render() - CORE/Cake/View/View.php, line 910
View::renderLayout() - CORE/Cake/View/View.php, line 542
View::render() - CORE/Cake/View/View.php, line 479
Controller::render() - CORE/Cake/Controller/Controller.php, line 954
ExceptionRenderer::_outputMessage() - CORE/Cake/Error/ExceptionRenderer.php, line 278
ExceptionRenderer::error400() - CORE/Cake/Error/ExceptionRenderer.php, line 222
ExceptionRenderer::render() - CORE/Cake/Error/ExceptionRenderer.php, line 176
ErrorHandler::handleException() - CORE/Cake/Error/ErrorHandler.php, line 119
[main] - [internal], line ??

2014-08-08 13:15:02 Notice: Notice (8): Undefined variable: calendar_link in [/Users/carrykuang/Documents/pdp_site/cake/app/View/Layouts/default.ctp, line 69]
Trace:
include - APP/View/Layouts/default.ctp, line 69
View::_evaluate() - CORE/Cake/View/View.php, line 948
View::_render() - CORE/Cake/View/View.php, line 910
View::renderLayout() - CORE/Cake/View/View.php, line 542
View::render() - CORE/Cake/View/View.php, line 479
Controller::render() - CORE/Cake/Controller/Controller.php, line 954
ExceptionRenderer::_outputMessage() - CORE/Cake/Error/ExceptionRenderer.php, line 278
ExceptionRenderer::error400() - CORE/Cake/Error/ExceptionRenderer.php, line 222
ExceptionRenderer::render() - CORE/Cake/Error/ExceptionRenderer.php, line 176
ErrorHandler::handleException() - CORE/Cake/Error/ErrorHandler.php, line 119
[main] - [internal], line ??

2014-08-08 13:15:02 Notice: Notice (8): Undefined variable: contact_link in [/Users/carrykuang/Documents/pdp_site/cake/app/View/Layouts/default.ctp, line 71]
Trace:
include - APP/View/Layouts/default.ctp, line 71
View::_evaluate() - CORE/Cake/View/View.php, line 948
View::_render() - CORE/Cake/View/View.php, line 910
View::renderLayout() - CORE/Cake/View/View.php, line 542
View::render() - CORE/Cake/View/View.php, line 479
Controller::render() - CORE/Cake/Controller/Controller.php, line 954
ExceptionRenderer::_outputMessage() - CORE/Cake/Error/ExceptionRenderer.php, line 278
ExceptionRenderer::error400() - CORE/Cake/Error/ExceptionRenderer.php, line 222
ExceptionRenderer::render() - CORE/Cake/Error/ExceptionRenderer.php, line 176
ErrorHandler::handleException() - CORE/Cake/Error/ErrorHandler.php, line 119
[main] - [internal], line ??

